Using pre-set license
Built from '2022.3/staging' branch; Version is '2022.3.28f1 (6bae5ce6b222) revision 7056988'; Using compiler version '192829333'; Build Type 'Release'
OS: 'Windows 11  (10.0.26100) 64bit Professional' Language: 'en' Physical Memory: 32581 MB
BatchMode: 1, IsHumanControllingUs: 0, StartBugReporterOnCrash: 0, Is64bit: 1, IsPro: 1

COMMAND LINE ARGUMENTS:
C:\Program Files\Unity\Hub\Editor\2022.3.28f1\Editor\Unity.exe
-adb2
-batchMode
-noUpm
-name
AssetImportWorker0
-projectPath
C:/Users/Cal/My project (3)/Platformer
-logFile
Logs/AssetImportWorker0.log
-srvPort
53228
Successfully changed project path to: C:/Users/Cal/My project (3)/Platformer
C:/Users/Cal/My project (3)/Platformer
[UnityMemory] Configuration Parameters - Can be set up in boot.config
    "memorysetup-bucket-allocator-granularity=16"
    "memorysetup-bucket-allocator-bucket-count=8"
    "memorysetup-bucket-allocator-block-size=33554432"
    "memorysetup-bucket-allocator-block-count=8"
    "memorysetup-main-allocator-block-size=16777216"
    "memorysetup-thread-allocator-block-size=16777216"
    "memorysetup-gfx-main-allocator-block-size=16777216"
    "memorysetup-gfx-thread-allocator-block-size=16777216"
    "memorysetup-cache-allocator-block-size=4194304"
    "memorysetup-typetree-allocator-block-size=2097152"
    "memorysetup-profiler-bucket-allocator-granularity=16"
    "memorysetup-profiler-bucket-allocator-bucket-count=8"
    "memorysetup-profiler-bucket-allocator-block-size=33554432"
    "memorysetup-profiler-bucket-allocator-block-count=8"
    "memorysetup-profiler-allocator-block-size=16777216"
    "memorysetup-profiler-editor-allocator-block-size=1048576"
    "memorysetup-temp-allocator-size-main=16777216"
    "memorysetup-job-temp-allocator-block-size=2097152"
    "memorysetup-job-temp-allocator-block-size-background=1048576"
    "memorysetup-job-temp-allocator-reduction-small-platforms=262144"
    "memorysetup-allocator-temp-initial-block-size-main=262144"
    "memorysetup-allocator-temp-initial-block-size-worker=262144"
    "memorysetup-temp-allocator-size-background-worker=32768"
    "memorysetup-temp-allocator-size-job-worker=262144"
    "memorysetup-temp-allocator-size-preload-manager=33554432"
    "memorysetup-temp-allocator-size-nav-mesh-worker=65536"
    "memorysetup-temp-allocator-size-audio-worker=65536"
    "memorysetup-temp-allocator-size-cloud-worker=32768"
    "memorysetup-temp-allocator-size-gi-baking-worker=262144"
    "memorysetup-temp-allocator-size-gfx=262144"
Player connection [34560] Host "[IP] 10.202.46.229 [Port] 0 [Flags] 2 [Guid] 946138238 [EditorId] 946138238 [Version] 1048832 [Id] WindowsEditor(7,DESKTOP-3Q91DG5) [Debug] 1 [PackageName] WindowsEditor [ProjectName] Editor" joined multi-casting on [225.0.0.222:54997]...

Player connection [34560] Host "[IP] 10.202.46.229 [Port] 0 [Flags] 2 [Guid] 946138238 [EditorId] 946138238 [Version] 1048832 [Id] WindowsEditor(7,DESKTOP-3Q91DG5) [Debug] 1 [PackageName] WindowsEditor [ProjectName] Editor" joined alternative multi-casting on [225.0.0.222:34997]...

[Physics::Module] Initialized MultithreadedJobDispatcher with 19 workers.
Refreshing native plugins compatible for Editor in 8.49 ms, found 4 plugins.
Preloading 0 native plugins for Editor in 0.00 ms.
Initialize engine version: 2022.3.28f1 (6bae5ce6b222)
[Subsystems] Discovering subsystems at path C:/Program Files/Unity/Hub/Editor/2022.3.28f1/Editor/Data/Resources/UnitySubsystems
[Subsystems] Discovering subsystems at path C:/Users/Cal/My project (3)/Platformer/Assets
GfxDevice: creating device client; threaded=0; jobified=0
Direct3D:
    Version:  Direct3D 11.0 [level 11.1]
    Renderer: NVIDIA GeForce RTX 4070 SUPER (ID=0x2783)
    Vendor:   NVIDIA
    VRAM:     11999 MB
    Driver:   32.0.15.6094
Initialize mono
Mono path[0] = 'C:/Program Files/Unity/Hub/Editor/2022.3.28f1/Editor/Data/Managed'
Mono path[1] = 'C:/Program Files/Unity/Hub/Editor/2022.3.28f1/Editor/Data/MonoBleedingEdge/lib/mono/unityjit-win32'
Mono config path = 'C:/Program Files/Unity/Hub/Editor/2022.3.28f1/Editor/Data/MonoBleedingEdge/etc'
Using monoOptions --debugger-agent=transport=dt_socket,embedding=1,server=y,suspend=n,address=127.0.0.1:56836
Begin MonoManager ReloadAssembly
Registering precompiled unity dll's ...
Register platform support module: C:/Program Files/Unity/Hub/Editor/2022.3.28f1/Editor/Data/PlaybackEngines/WebGLSupport/UnityEditor.WebGL.Extensions.dll
Register platform support module: C:/Program Files/Unity/Hub/Editor/2022.3.28f1/Editor/Data/PlaybackEngines/WindowsStandaloneSupport/UnityEditor.WindowsStandalone.Extensions.dll
Registered in 0.005919 seconds.
- Loaded All Assemblies, in  0.227 seconds
Native extension for WindowsStandalone target not found
Native extension for WebGL target not found
Mono: successfully reloaded assembly
- Finished resetting the current domain, in  0.171 seconds
Domain Reload Profiling: 397ms
	BeginReloadAssembly (70ms)
		ExecutionOrderSort (0ms)
		DisableScriptedObjects (0ms)
		BackupInstance (0ms)
		ReleaseScriptingObjects (0ms)
		CreateAndSetChildDomain (0ms)
	RebuildCommonClasses (20ms)
	RebuildNativeTypeToScriptingClass (7ms)
	initialDomainReloadingComplete (40ms)
	LoadAllAssembliesAndSetupDomain (89ms)
		LoadAssemblies (69ms)
		RebuildTransferFunctionScriptingTraits (0ms)
		AnalyzeDomain (88ms)
			TypeCache.Refresh (87ms)
				TypeCache.ScanAssembly (79ms)
			ScanForSourceGeneratedMonoScriptInfo (0ms)
			ResolveRequiredComponents (0ms)
	FinalizeReload (171ms)
		ReleaseScriptCaches (0ms)
		RebuildScriptCaches (0ms)
		SetupLoadedEditorAssemblies (133ms)
			LogAssemblyErrors (0ms)
			InitializePlatformSupportModulesInManaged (7ms)
			SetLoadedEditorAssemblies (4ms)
			RefreshPlugins (0ms)
			BeforeProcessingInitializeOnLoad (1ms)
			ProcessInitializeOnLoadAttributes (91ms)
			ProcessInitializeOnLoadMethodAttributes (30ms)
			AfterProcessingInitializeOnLoad (0ms)
			EditorAssembliesLoaded (0ms)
		ExecutionOrderSort2 (0ms)
		AwakeInstancesAfterBackupRestoration (0ms)
========================================================================
Worker process is ready to serve import requests
Begin MonoManager ReloadAssembly
- Loaded All Assemblies, in  0.461 seconds
Refreshing native plugins compatible for Editor in 3.46 ms, found 4 plugins.
Native extension for WindowsStandalone target not found
Native extension for WebGL target not found
Mono: successfully reloaded assembly
- Finished resetting the current domain, in  0.531 seconds
Domain Reload Profiling: 989ms
	BeginReloadAssembly (86ms)
		ExecutionOrderSort (0ms)
		DisableScriptedObjects (3ms)
		BackupInstance (0ms)
		ReleaseScriptingObjects (0ms)
		CreateAndSetChildDomain (13ms)
	RebuildCommonClasses (20ms)
	RebuildNativeTypeToScriptingClass (6ms)
	initialDomainReloadingComplete (28ms)
	LoadAllAssembliesAndSetupDomain (318ms)
		LoadAssemblies (224ms)
		RebuildTransferFunctionScriptingTraits (0ms)
		AnalyzeDomain (143ms)
			TypeCache.Refresh (116ms)
				TypeCache.ScanAssembly (105ms)
			ScanForSourceGeneratedMonoScriptInfo (18ms)
			ResolveRequiredComponents (7ms)
	FinalizeReload (532ms)
		ReleaseScriptCaches (0ms)
		RebuildScriptCaches (0ms)
		SetupLoadedEditorAssemblies (409ms)
			LogAssemblyErrors (0ms)
			InitializePlatformSupportModulesInManaged (5ms)
			SetLoadedEditorAssemblies (3ms)
			RefreshPlugins (0ms)
			BeforeProcessingInitializeOnLoad (55ms)
			ProcessInitializeOnLoadAttributes (288ms)
			ProcessInitializeOnLoadMethodAttributes (53ms)
			AfterProcessingInitializeOnLoad (5ms)
			EditorAssembliesLoaded (0ms)
		ExecutionOrderSort2 (0ms)
		AwakeInstancesAfterBackupRestoration (5ms)
Launched and connected shader compiler UnityShaderCompiler.exe after 0.03 seconds
Refreshing native plugins compatible for Editor in 3.33 ms, found 4 plugins.
Preloading 0 native plugins for Editor in 0.00 ms.
Unloading 6122 Unused Serialized files (Serialized files now loaded: 0)
Unloading 100 unused Assets / (0.5 MB). Loaded Objects now: 6581.
Memory consumption went from 239.5 MB to 239.0 MB.
Total: 2.724200 ms (FindLiveObjects: 0.249300 ms CreateObjectMapping: 0.103600 ms MarkObjects: 2.141600 ms  DeleteObjects: 0.228600 ms)

AssetImportParameters requested are different than current active one (requested -> active):
  custom:container-demuxer-ogg: 62fdf1f143b41e24485cea50d1cbac27 -> 
  custom:video-codec-MediaFoundation-h265: 746d11721c4dcdbdad8f713fa42b33f4 -> 
  custom:video-decoder-ogg-theora: a1e56fd34408186e4bbccfd4996cb3dc -> 
  custom:framework-win-MediaFoundation: 216162199b28c13a410421893ffa2e32 -> 
  custom:CustomObjectIndexerAttribute: 72b91833f83ae208fae7752999fa3104 -> 
  custom:container-demuxer-webm: 4f35f7cbe854078d1ac9338744f61a02 -> 
  custom:container-muxer-webm: aa71ff27fc2769a1b78a27578f13a17b -> 
  custom:video-decoder-webm-vp8: 9c59270c3fd7afecdb556c50c9e8de78 -> 
  custom:SearchIndexIgnoredProperties: e643bd26f0fe6173181afceb89e7c659 -> 
  custom:AudioImporter_EditorPlatform: d09bf68614088b80899f8185d706f6e7 -> 
  custom:video-encoder-webm-vp8: eb34c28f22e8b96e1ab97ce403110664 -> 
  custom:audio-decoder-ogg-vorbis: bf7c407c2cedff20999df2af8eb42d56 -> 
  custom:audio-encoder-webm-vorbis: bf7c407c2cedff20999df2af8eb42d56 -> 
========================================================================
Received Import Request.
  Time since last request: 15474.442265 seconds.
  path: Assets/Scenes/Rooms/Start.prefab
  artifactKey: Guid(83302d3b7eb6d1b4190f94fa25d1df15) Importer(815301076,1909f56bfc062723c751e8b465ee728b)
Start importing Assets/Scenes/Rooms/Start.prefab using Guid(83302d3b7eb6d1b4190f94fa25d1df15) Importer(815301076,1909f56bfc062723c751e8b465ee728b)  -> (artifact id: '383edde035bd02c9bb4f40a7eb5a0814') in 0.310152 seconds
Number of updated asset objects reloaded before import = 0
Number of asset objects unloaded after import = 4239
========================================================================
Received Import Request.
  Time since last request: 2.811259 seconds.
  path: Assets/Scenes/Rooms/LeftRight/LeftRight1.prefab
  artifactKey: Guid(1e597e6fda070e04087b2a93b93dad22) Importer(815301076,1909f56bfc062723c751e8b465ee728b)
Start importing Assets/Scenes/Rooms/LeftRight/LeftRight1.prefab using Guid(1e597e6fda070e04087b2a93b93dad22) Importer(815301076,1909f56bfc062723c751e8b465ee728b)  -> (artifact id: 'ccaaed8121345d4d4350349305265fb3') in 0.107725 seconds
Number of updated asset objects reloaded before import = 0
Number of asset objects unloaded after import = 3964
========================================================================
Received Import Request.
  Time since last request: 2.892151 seconds.
  path: Assets/Scenes/Rooms/LeftRight/LeftRightBlank 1.prefab
  artifactKey: Guid(71d6ef8ba1d702342b1dd2d555183ccd) Importer(815301076,1909f56bfc062723c751e8b465ee728b)
Start importing Assets/Scenes/Rooms/LeftRight/LeftRightBlank 1.prefab using Guid(71d6ef8ba1d702342b1dd2d555183ccd) Importer(815301076,1909f56bfc062723c751e8b465ee728b)  -> (artifact id: '5535dcb3f3d6a6ec4487cd511976a5d2') in 0.098130 seconds
Number of updated asset objects reloaded before import = 0
Number of asset objects unloaded after import = 3881
========================================================================
Received Import Request.
  Time since last request: 10.482196 seconds.
  path: Assets/Scenes/Rooms/LeftRight/LeftRight2.prefab
  artifactKey: Guid(71d6ef8ba1d702342b1dd2d555183ccd) Importer(815301076,1909f56bfc062723c751e8b465ee728b)
Start importing Assets/Scenes/Rooms/LeftRight/LeftRight2.prefab using Guid(71d6ef8ba1d702342b1dd2d555183ccd) Importer(815301076,1909f56bfc062723c751e8b465ee728b)  -> (artifact id: 'dfa40f0ce951af1254a52cc219a3a960') in 0.088386 seconds
Number of updated asset objects reloaded before import = 0
Number of asset objects unloaded after import = 3881
========================================================================
Received Import Request.
  Time since last request: 30.780454 seconds.
  path: Assets/Scenes/Rooms/LeftRight/LeftRight2.prefab
  artifactKey: Guid(71d6ef8ba1d702342b1dd2d555183ccd) Importer(815301076,1909f56bfc062723c751e8b465ee728b)
Start importing Assets/Scenes/Rooms/LeftRight/LeftRight2.prefab using Guid(71d6ef8ba1d702342b1dd2d555183ccd) Importer(815301076,1909f56bfc062723c751e8b465ee728b)  -> (artifact id: 'a0992ad8e72fb0932a389ef3a119c3f3') in 0.096769 seconds
Number of updated asset objects reloaded before import = 0
Number of asset objects unloaded after import = 3881
========================================================================
Received Import Request.
  Time since last request: 14.011511 seconds.
  path: Assets/Scenes/Rooms/LeftRight/LeftRight2.prefab
  artifactKey: Guid(71d6ef8ba1d702342b1dd2d555183ccd) Importer(815301076,1909f56bfc062723c751e8b465ee728b)
Start importing Assets/Scenes/Rooms/LeftRight/LeftRight2.prefab using Guid(71d6ef8ba1d702342b1dd2d555183ccd) Importer(815301076,1909f56bfc062723c751e8b465ee728b)  -> (artifact id: '3cae038370daf02b6c0621a92efd089a') in 0.116070 seconds
Number of updated asset objects reloaded before import = 0
Number of asset objects unloaded after import = 3881
========================================================================
Received Import Request.
  Time since last request: 11.372568 seconds.
  path: Assets/Scenes/Rooms/LeftRight/LeftRight2.prefab
  artifactKey: Guid(71d6ef8ba1d702342b1dd2d555183ccd) Importer(815301076,1909f56bfc062723c751e8b465ee728b)
Start importing Assets/Scenes/Rooms/LeftRight/LeftRight2.prefab using Guid(71d6ef8ba1d702342b1dd2d555183ccd) Importer(815301076,1909f56bfc062723c751e8b465ee728b)  -> (artifact id: 'a5ce81b040c39bc5bc378282b875766e') in 0.097069 seconds
Number of updated asset objects reloaded before import = 0
Number of asset objects unloaded after import = 3881
========================================================================
Received Import Request.
  Time since last request: 18.578817 seconds.
  path: Assets/Scenes/Rooms/LeftRight/LeftRight2.prefab
  artifactKey: Guid(71d6ef8ba1d702342b1dd2d555183ccd) Importer(815301076,1909f56bfc062723c751e8b465ee728b)
Start importing Assets/Scenes/Rooms/LeftRight/LeftRight2.prefab using Guid(71d6ef8ba1d702342b1dd2d555183ccd) Importer(815301076,1909f56bfc062723c751e8b465ee728b)  -> (artifact id: '7151c4845e18ed444fcf5c2b3116785c') in 0.092555 seconds
Number of updated asset objects reloaded before import = 0
Number of asset objects unloaded after import = 3881
========================================================================
Received Import Request.
  Time since last request: 3.915361 seconds.
  path: Assets/Scenes/Rooms/LeftRight/LeftRight2.prefab
  artifactKey: Guid(71d6ef8ba1d702342b1dd2d555183ccd) Importer(815301076,1909f56bfc062723c751e8b465ee728b)
Start importing Assets/Scenes/Rooms/LeftRight/LeftRight2.prefab using Guid(71d6ef8ba1d702342b1dd2d555183ccd) Importer(815301076,1909f56bfc062723c751e8b465ee728b)  -> (artifact id: '8ab5f130f05a0ce9d83d542790b4121d') in 0.088414 seconds
Number of updated asset objects reloaded before import = 0
Number of asset objects unloaded after import = 3883
========================================================================
Received Import Request.
  Time since last request: 4.331007 seconds.
  path: Assets/Scenes/Rooms/LeftRight/LeftRight2.prefab
  artifactKey: Guid(71d6ef8ba1d702342b1dd2d555183ccd) Importer(815301076,1909f56bfc062723c751e8b465ee728b)
Start importing Assets/Scenes/Rooms/LeftRight/LeftRight2.prefab using Guid(71d6ef8ba1d702342b1dd2d555183ccd) Importer(815301076,1909f56bfc062723c751e8b465ee728b)  -> (artifact id: '63fb2b95cb9b5b5e6385ed9d39f5b283') in 0.093641 seconds
Number of updated asset objects reloaded before import = 0
Number of asset objects unloaded after import = 3883
========================================================================
Received Import Request.
  Time since last request: 0.697605 seconds.
  path: Assets/Scenes/Rooms/LeftRight/LeftRight2.prefab
  artifactKey: Guid(71d6ef8ba1d702342b1dd2d555183ccd) Importer(815301076,1909f56bfc062723c751e8b465ee728b)
Start importing Assets/Scenes/Rooms/LeftRight/LeftRight2.prefab using Guid(71d6ef8ba1d702342b1dd2d555183ccd) Importer(815301076,1909f56bfc062723c751e8b465ee728b)  -> (artifact id: '326c17a2dff038de2a130a01a839056f') in 0.086697 seconds
Number of updated asset objects reloaded before import = 0
Number of asset objects unloaded after import = 3883
========================================================================
Received Import Request.
  Time since last request: 2.515454 seconds.
  path: Assets/Scenes/Rooms/LeftRight/LeftRight2.prefab
  artifactKey: Guid(71d6ef8ba1d702342b1dd2d555183ccd) Importer(815301076,1909f56bfc062723c751e8b465ee728b)
Start importing Assets/Scenes/Rooms/LeftRight/LeftRight2.prefab using Guid(71d6ef8ba1d702342b1dd2d555183ccd) Importer(815301076,1909f56bfc062723c751e8b465ee728b)  -> (artifact id: '387ee96e60a93dbc568bcad80a1733b2') in 0.089157 seconds
Number of updated asset objects reloaded before import = 0
Number of asset objects unloaded after import = 3884
========================================================================
Received Import Request.
  Time since last request: 3.123276 seconds.
  path: Assets/Scenes/Rooms/LeftRight/LeftRight2.prefab
  artifactKey: Guid(71d6ef8ba1d702342b1dd2d555183ccd) Importer(815301076,1909f56bfc062723c751e8b465ee728b)
Start importing Assets/Scenes/Rooms/LeftRight/LeftRight2.prefab using Guid(71d6ef8ba1d702342b1dd2d555183ccd) Importer(815301076,1909f56bfc062723c751e8b465ee728b)  -> (artifact id: 'cb0f5f77c4d4cb463e8add95718286a6') in 0.094037 seconds
Number of updated asset objects reloaded before import = 0
Number of asset objects unloaded after import = 3885
========================================================================
Received Import Request.
  Time since last request: 9.352888 seconds.
  path: Assets/Scenes/Rooms/LeftRight/LeftRight2.prefab
  artifactKey: Guid(71d6ef8ba1d702342b1dd2d555183ccd) Importer(815301076,1909f56bfc062723c751e8b465ee728b)
Start importing Assets/Scenes/Rooms/LeftRight/LeftRight2.prefab using Guid(71d6ef8ba1d702342b1dd2d555183ccd) Importer(815301076,1909f56bfc062723c751e8b465ee728b)  -> (artifact id: '65c80f282c4bccf6a81ae3f342c01ed3') in 0.106562 seconds
Number of updated asset objects reloaded before import = 0
Number of asset objects unloaded after import = 3885
========================================================================
Received Import Request.
  Time since last request: 1.289724 seconds.
  path: Assets/Scenes/Rooms/LeftRight/LeftRight2.prefab
  artifactKey: Guid(71d6ef8ba1d702342b1dd2d555183ccd) Importer(815301076,1909f56bfc062723c751e8b465ee728b)
Start importing Assets/Scenes/Rooms/LeftRight/LeftRight2.prefab using Guid(71d6ef8ba1d702342b1dd2d555183ccd) Importer(815301076,1909f56bfc062723c751e8b465ee728b)  -> (artifact id: 'ff6a0fd16da92a40c82be4f3f8357101') in 0.087459 seconds
Number of updated asset objects reloaded before import = 0
Number of asset objects unloaded after import = 3885
========================================================================
Received Import Request.
  Time since last request: 3.718226 seconds.
  path: Assets/Controller/Prefabs/Player Variant.prefab
  artifactKey: Guid(3fee69b8a7abbfa4c841b12357a09981) Importer(815301076,1909f56bfc062723c751e8b465ee728b)
Start importing Assets/Controller/Prefabs/Player Variant.prefab using Guid(3fee69b8a7abbfa4c841b12357a09981) Importer(815301076,1909f56bfc062723c751e8b465ee728b)  -> (artifact id: 'c4276fc38e3b3a9037a52c4a9171197c') in 0.019849 seconds
Number of updated asset objects reloaded before import = 0
Number of asset objects unloaded after import = 55
========================================================================
Received Import Request.
  Time since last request: 79.556659 seconds.
  path: Assets/Scenes/Rooms/TopBottom/TopBottom1.prefab
  artifactKey: Guid(bee09f05463ac1f449da4839cf6f0e0c) Importer(815301076,1909f56bfc062723c751e8b465ee728b)
Start importing Assets/Scenes/Rooms/TopBottom/TopBottom1.prefab using Guid(bee09f05463ac1f449da4839cf6f0e0c) Importer(815301076,1909f56bfc062723c751e8b465ee728b)  -> (artifact id: '6d83ba13d2492bdd9988ba9de69a823a') in 0.102596 seconds
Number of updated asset objects reloaded before import = 0
Number of asset objects unloaded after import = 3983
========================================================================
Received Prepare
Begin MonoManager ReloadAssembly
- Loaded All Assemblies, in  0.462 seconds
Refreshing native plugins compatible for Editor in 6.83 ms, found 4 plugins.
Native extension for WindowsStandalone target not found
Native extension for WebGL target not found
Mono: successfully reloaded assembly
- Finished resetting the current domain, in  1.047 seconds
Domain Reload Profiling: 1503ms
	BeginReloadAssembly (122ms)
		ExecutionOrderSort (0ms)
		DisableScriptedObjects (13ms)
		BackupInstance (0ms)
		ReleaseScriptingObjects (0ms)
		CreateAndSetChildDomain (28ms)
	RebuildCommonClasses (22ms)
	RebuildNativeTypeToScriptingClass (6ms)
	initialDomainReloadingComplete (20ms)
	LoadAllAssembliesAndSetupDomain (284ms)
		LoadAssemblies (287ms)
		RebuildTransferFunctionScriptingTraits (0ms)
		AnalyzeDomain (52ms)
			TypeCache.Refresh (13ms)
				TypeCache.ScanAssembly (1ms)
			ScanForSourceGeneratedMonoScriptInfo (30ms)
			ResolveRequiredComponents (8ms)
	FinalizeReload (1047ms)
		ReleaseScriptCaches (0ms)
		RebuildScriptCaches (0ms)
		SetupLoadedEditorAssemblies (399ms)
			LogAssemblyErrors (0ms)
			InitializePlatformSupportModulesInManaged (7ms)
			SetLoadedEditorAssemblies (4ms)
			RefreshPlugins (0ms)
			BeforeProcessingInitializeOnLoad (61ms)
			ProcessInitializeOnLoadAttributes (279ms)
			ProcessInitializeOnLoadMethodAttributes (44ms)
			AfterProcessingInitializeOnLoad (5ms)
			EditorAssembliesLoaded (0ms)
		ExecutionOrderSort2 (0ms)
		AwakeInstancesAfterBackupRestoration (10ms)
Refreshing native plugins compatible for Editor in 3.14 ms, found 4 plugins.
Preloading 0 native plugins for Editor in 0.00 ms.
Unloading 5962 Unused Serialized files (Serialized files now loaded: 0)
Unloading 59 unused Assets / (507.6 KB). Loaded Objects now: 6634.
Memory consumption went from 216.0 MB to 215.5 MB.
Total: 2.372500 ms (FindLiveObjects: 0.249100 ms CreateObjectMapping: 0.094400 ms MarkObjects: 1.843200 ms  DeleteObjects: 0.184900 ms)

Prepare: number of updated asset objects reloaded= 0
AssetImportParameters requested are different than current active one (requested -> active):
  custom:container-demuxer-ogg: 62fdf1f143b41e24485cea50d1cbac27 -> 
  custom:video-codec-MediaFoundation-h265: 746d11721c4dcdbdad8f713fa42b33f4 -> 
  custom:video-decoder-ogg-theora: a1e56fd34408186e4bbccfd4996cb3dc -> 
  custom:framework-win-MediaFoundation: 216162199b28c13a410421893ffa2e32 -> 
  custom:CustomObjectIndexerAttribute: 72b91833f83ae208fae7752999fa3104 -> 
  custom:container-demuxer-webm: 4f35f7cbe854078d1ac9338744f61a02 -> 
  custom:container-muxer-webm: aa71ff27fc2769a1b78a27578f13a17b -> 
  custom:video-decoder-webm-vp8: 9c59270c3fd7afecdb556c50c9e8de78 -> 
  custom:SearchIndexIgnoredProperties: e643bd26f0fe6173181afceb89e7c659 -> 
  custom:AudioImporter_EditorPlatform: d09bf68614088b80899f8185d706f6e7 -> 
  custom:video-encoder-webm-vp8: eb34c28f22e8b96e1ab97ce403110664 -> 
  custom:audio-decoder-ogg-vorbis: bf7c407c2cedff20999df2af8eb42d56 -> 
  custom:audio-encoder-webm-vorbis: bf7c407c2cedff20999df2af8eb42d56 -> 
========================================================================
Received Import Request.
  Time since last request: 48.677462 seconds.
  path: Assets/Controller/Prefabs/Spike.prefab
  artifactKey: Guid(ada86414567f87b4e8f559c0be7a2df5) Importer(815301076,1909f56bfc062723c751e8b465ee728b)
Start importing Assets/Controller/Prefabs/Spike.prefab using Guid(ada86414567f87b4e8f559c0be7a2df5) Importer(815301076,1909f56bfc062723c751e8b465ee728b)  -> (artifact id: 'ab8b4427ec1bf2d956bd26c62482d475') in 0.163923 seconds
Number of updated asset objects reloaded before import = 0
Number of asset objects unloaded after import = 27
========================================================================
Received Import Request.
  Time since last request: 1.540887 seconds.
  path: Assets/Scenes/Rooms/Final.prefab
  artifactKey: Guid(6fc1a3fdf8b0daf41b0595d9896331f9) Importer(815301076,1909f56bfc062723c751e8b465ee728b)
Start importing Assets/Scenes/Rooms/Final.prefab using Guid(6fc1a3fdf8b0daf41b0595d9896331f9) Importer(815301076,1909f56bfc062723c751e8b465ee728b)  -> (artifact id: '5fd69ba0a7a54ab3d824154cb15a809f') in 0.131733 seconds
Number of updated asset objects reloaded before import = 0
Number of asset objects unloaded after import = 4235
========================================================================
Received Import Request.
  Time since last request: 7.134397 seconds.
  path: Assets/Scenes/Rooms/TopBottom/TopBottom1.prefab
  artifactKey: Guid(bee09f05463ac1f449da4839cf6f0e0c) Importer(815301076,1909f56bfc062723c751e8b465ee728b)
Start importing Assets/Scenes/Rooms/TopBottom/TopBottom1.prefab using Guid(bee09f05463ac1f449da4839cf6f0e0c) Importer(815301076,1909f56bfc062723c751e8b465ee728b)  -> (artifact id: '5ceefe87bb87b5a70437f064717b4f15') in 0.104661 seconds
Number of updated asset objects reloaded before import = 0
Number of asset objects unloaded after import = 3983
========================================================================
Received Import Request.
  Time since last request: 2.773501 seconds.
  path: Assets/Scenes/Rooms/TopBottom/TopBottomBlank 1.prefab
  artifactKey: Guid(c323c4be1921e2943bcc6159153edadb) Importer(815301076,1909f56bfc062723c751e8b465ee728b)
Start importing Assets/Scenes/Rooms/TopBottom/TopBottomBlank 1.prefab using Guid(c323c4be1921e2943bcc6159153edadb) Importer(815301076,1909f56bfc062723c751e8b465ee728b)  -> (artifact id: 'eb7163389dd74190e0e301266c209edf') in 0.091898 seconds
Number of updated asset objects reloaded before import = 0
Number of asset objects unloaded after import = 3878
========================================================================
Received Import Request.
  Time since last request: 17.427324 seconds.
  path: Assets/Scenes/Rooms/TopBottom/TopBottom2.prefab
  artifactKey: Guid(c323c4be1921e2943bcc6159153edadb) Importer(815301076,1909f56bfc062723c751e8b465ee728b)
Start importing Assets/Scenes/Rooms/TopBottom/TopBottom2.prefab using Guid(c323c4be1921e2943bcc6159153edadb) Importer(815301076,1909f56bfc062723c751e8b465ee728b)  -> (artifact id: '5d82fcf1c94802cc72929909d88b1901') in 0.095442 seconds
Number of updated asset objects reloaded before import = 0
Number of asset objects unloaded after import = 3878
========================================================================
Received Import Request.
  Time since last request: 19.692022 seconds.
  path: Assets/Scenes/Rooms/TopBottom/TopBottom2.prefab
  artifactKey: Guid(c323c4be1921e2943bcc6159153edadb) Importer(815301076,1909f56bfc062723c751e8b465ee728b)
Start importing Assets/Scenes/Rooms/TopBottom/TopBottom2.prefab using Guid(c323c4be1921e2943bcc6159153edadb) Importer(815301076,1909f56bfc062723c751e8b465ee728b)  -> (artifact id: '4ac241f3171bb5d56d2581f33d9ddb01') in 0.087462 seconds
Number of updated asset objects reloaded before import = 0
Number of asset objects unloaded after import = 3878
========================================================================
Received Import Request.
  Time since last request: 5.734684 seconds.
  path: Assets/Scenes/Rooms/TopBottom/TopBottom2.prefab
  artifactKey: Guid(c323c4be1921e2943bcc6159153edadb) Importer(815301076,1909f56bfc062723c751e8b465ee728b)
Start importing Assets/Scenes/Rooms/TopBottom/TopBottom2.prefab using Guid(c323c4be1921e2943bcc6159153edadb) Importer(815301076,1909f56bfc062723c751e8b465ee728b)  -> (artifact id: 'e8af8c57312e384a9e072065a3d4bca1') in 0.096168 seconds
Number of updated asset objects reloaded before import = 0
Number of asset objects unloaded after import = 3878
========================================================================
Received Import Request.
  Time since last request: 12.788771 seconds.
  path: Assets/Scenes/Rooms/TopBottom/TopBottom2.prefab
  artifactKey: Guid(c323c4be1921e2943bcc6159153edadb) Importer(815301076,1909f56bfc062723c751e8b465ee728b)
Start importing Assets/Scenes/Rooms/TopBottom/TopBottom2.prefab using Guid(c323c4be1921e2943bcc6159153edadb) Importer(815301076,1909f56bfc062723c751e8b465ee728b)  -> (artifact id: 'd0522e1670f2c5dfcbd0b52aac58fa7e') in 0.097521 seconds
Number of updated asset objects reloaded before import = 0
Number of asset objects unloaded after import = 3878
========================================================================
Received Import Request.
  Time since last request: 7.132645 seconds.
  path: Assets/Scenes/Rooms/TopBottom/TopBottom2.prefab
  artifactKey: Guid(c323c4be1921e2943bcc6159153edadb) Importer(815301076,1909f56bfc062723c751e8b465ee728b)
Start importing Assets/Scenes/Rooms/TopBottom/TopBottom2.prefab using Guid(c323c4be1921e2943bcc6159153edadb) Importer(815301076,1909f56bfc062723c751e8b465ee728b)  -> (artifact id: '493a8527f96e707b1f687c61f07c371b') in 0.084618 seconds
Number of updated asset objects reloaded before import = 0
Number of asset objects unloaded after import = 3878
========================================================================
Received Import Request.
  Time since last request: 1.108283 seconds.
  path: Assets/Scenes/Rooms/TopBottom/TopBottom2.prefab
  artifactKey: Guid(c323c4be1921e2943bcc6159153edadb) Importer(815301076,1909f56bfc062723c751e8b465ee728b)
Start importing Assets/Scenes/Rooms/TopBottom/TopBottom2.prefab using Guid(c323c4be1921e2943bcc6159153edadb) Importer(815301076,1909f56bfc062723c751e8b465ee728b)  -> (artifact id: '1af0398506830e16f9595c9b81d667a7') in 0.097735 seconds
Number of updated asset objects reloaded before import = 0
Number of asset objects unloaded after import = 3878
========================================================================
Received Import Request.
  Time since last request: 17.631680 seconds.
  path: Assets/Scenes/Rooms/TopBottom/TopBottom2.prefab
  artifactKey: Guid(c323c4be1921e2943bcc6159153edadb) Importer(815301076,1909f56bfc062723c751e8b465ee728b)
Start importing Assets/Scenes/Rooms/TopBottom/TopBottom2.prefab using Guid(c323c4be1921e2943bcc6159153edadb) Importer(815301076,1909f56bfc062723c751e8b465ee728b)  -> (artifact id: 'bed8b34065e8a416a7bdddf092d85b27') in 0.105866 seconds
Number of updated asset objects reloaded before import = 0
Number of asset objects unloaded after import = 3878
========================================================================
Received Import Request.
  Time since last request: 0.877763 seconds.
  path: Assets/Scenes/Rooms/TopBottom/TopBottom2.prefab
  artifactKey: Guid(c323c4be1921e2943bcc6159153edadb) Importer(815301076,1909f56bfc062723c751e8b465ee728b)
Start importing Assets/Scenes/Rooms/TopBottom/TopBottom2.prefab using Guid(c323c4be1921e2943bcc6159153edadb) Importer(815301076,1909f56bfc062723c751e8b465ee728b)  -> (artifact id: 'c3005711137ad6ffb0c39da1f6b86663') in 0.085858 seconds
Number of updated asset objects reloaded before import = 0
Number of asset objects unloaded after import = 3878
========================================================================
Received Import Request.
  Time since last request: 7.347774 seconds.
  path: Assets/Scenes/Rooms/TopBottom/TopBottom2.prefab
  artifactKey: Guid(c323c4be1921e2943bcc6159153edadb) Importer(815301076,1909f56bfc062723c751e8b465ee728b)
Start importing Assets/Scenes/Rooms/TopBottom/TopBottom2.prefab using Guid(c323c4be1921e2943bcc6159153edadb) Importer(815301076,1909f56bfc062723c751e8b465ee728b)  -> (artifact id: 'ffad7cf61fc7abe45516d2ee31ba36a7') in 0.108883 seconds
Number of updated asset objects reloaded before import = 0
Number of asset objects unloaded after import = 3878
========================================================================
Received Import Request.
  Time since last request: 1.485862 seconds.
  path: Assets/Scenes/Rooms/TopBottom/TopBottom2.prefab
  artifactKey: Guid(c323c4be1921e2943bcc6159153edadb) Importer(815301076,1909f56bfc062723c751e8b465ee728b)
Start importing Assets/Scenes/Rooms/TopBottom/TopBottom2.prefab using Guid(c323c4be1921e2943bcc6159153edadb) Importer(815301076,1909f56bfc062723c751e8b465ee728b)  -> (artifact id: 'f77311b7bf6e92b3515e96ae7375ec52') in 0.090904 seconds
Number of updated asset objects reloaded before import = 0
Number of asset objects unloaded after import = 3878
========================================================================
Received Import Request.
  Time since last request: 2.318694 seconds.
  path: Assets/Scenes/Rooms/TopBottom/TopBottom2.prefab
  artifactKey: Guid(c323c4be1921e2943bcc6159153edadb) Importer(815301076,1909f56bfc062723c751e8b465ee728b)
Start importing Assets/Scenes/Rooms/TopBottom/TopBottom2.prefab using Guid(c323c4be1921e2943bcc6159153edadb) Importer(815301076,1909f56bfc062723c751e8b465ee728b)  -> (artifact id: 'faf38701630bb5815fcde6f11b8599f8') in 0.092395 seconds
Number of updated asset objects reloaded before import = 0
Number of asset objects unloaded after import = 3878
========================================================================
Received Import Request.
  Time since last request: 0.898724 seconds.
  path: Assets/Scenes/Rooms/TopBottom/TopBottom2.prefab
  artifactKey: Guid(c323c4be1921e2943bcc6159153edadb) Importer(815301076,1909f56bfc062723c751e8b465ee728b)
Start importing Assets/Scenes/Rooms/TopBottom/TopBottom2.prefab using Guid(c323c4be1921e2943bcc6159153edadb) Importer(815301076,1909f56bfc062723c751e8b465ee728b)  -> (artifact id: '9aef816f2e12414dfc2ab01f8fa0741e') in 0.091850 seconds
Number of updated asset objects reloaded before import = 0
Number of asset objects unloaded after import = 3878
========================================================================
Received Import Request.
  Time since last request: 1.502776 seconds.
  path: Assets/Scenes/Rooms/TopBottom/TopBottom2.prefab
  artifactKey: Guid(c323c4be1921e2943bcc6159153edadb) Importer(815301076,1909f56bfc062723c751e8b465ee728b)
Start importing Assets/Scenes/Rooms/TopBottom/TopBottom2.prefab using Guid(c323c4be1921e2943bcc6159153edadb) Importer(815301076,1909f56bfc062723c751e8b465ee728b)  -> (artifact id: 'e3ff80b8e5da00609600c846b8738666') in 0.095788 seconds
Number of updated asset objects reloaded before import = 0
Number of asset objects unloaded after import = 3878
========================================================================
Received Import Request.
  Time since last request: 3.521127 seconds.
  path: Assets/Scenes/Rooms/TopBottom/TopBottom2.prefab
  artifactKey: Guid(c323c4be1921e2943bcc6159153edadb) Importer(815301076,1909f56bfc062723c751e8b465ee728b)
Start importing Assets/Scenes/Rooms/TopBottom/TopBottom2.prefab using Guid(c323c4be1921e2943bcc6159153edadb) Importer(815301076,1909f56bfc062723c751e8b465ee728b)  -> (artifact id: '2dc872f4d527664223c833c3c53c9380') in 0.094314 seconds
Number of updated asset objects reloaded before import = 0
Number of asset objects unloaded after import = 3878
========================================================================
Received Import Request.
  Time since last request: 157.020342 seconds.
  path: Assets/Scenes/Rooms/BottomTop/BottomTop1.prefab
  artifactKey: Guid(abce47f975a57b246b2e8e3e67257f1d) Importer(815301076,1909f56bfc062723c751e8b465ee728b)
Start importing Assets/Scenes/Rooms/BottomTop/BottomTop1.prefab using Guid(abce47f975a57b246b2e8e3e67257f1d) Importer(815301076,1909f56bfc062723c751e8b465ee728b)  -> (artifact id: 'a6d5339848aa0c1fe46cff6e72145965') in 0.106591 seconds
Number of updated asset objects reloaded before import = 0
Number of asset objects unloaded after import = 3978
========================================================================
Received Import Request.
  Time since last request: 23.761257 seconds.
  path: Assets/Scenes/Rooms/BottomTop/BottomTopBlank.prefab
  artifactKey: Guid(c34ce912df5ab054586938f28f493a4f) Importer(815301076,1909f56bfc062723c751e8b465ee728b)
Start importing Assets/Scenes/Rooms/BottomTop/BottomTopBlank.prefab using Guid(c34ce912df5ab054586938f28f493a4f) Importer(815301076,1909f56bfc062723c751e8b465ee728b)  -> (artifact id: '93018b8554088901de233d080751c309') in 0.096274 seconds
Number of updated asset objects reloaded before import = 0
Number of asset objects unloaded after import = 3881
========================================================================
Received Import Request.
  Time since last request: 25.486151 seconds.
  path: Assets/Scenes/Rooms/BottomTop/BottomTopBlank.prefab
  artifactKey: Guid(c34ce912df5ab054586938f28f493a4f) Importer(815301076,1909f56bfc062723c751e8b465ee728b)
Start importing Assets/Scenes/Rooms/BottomTop/BottomTopBlank.prefab using Guid(c34ce912df5ab054586938f28f493a4f) Importer(815301076,1909f56bfc062723c751e8b465ee728b)  -> (artifact id: '1067a8237fa56bcc197c57fd9788ac49') in 0.100510 seconds
Number of updated asset objects reloaded before import = 0
Number of asset objects unloaded after import = 3879
========================================================================
Received Import Request.
  Time since last request: 1.086823 seconds.
  path: Assets/Scenes/Rooms/BottomTop/BottomTopBlank.prefab
  artifactKey: Guid(c34ce912df5ab054586938f28f493a4f) Importer(815301076,1909f56bfc062723c751e8b465ee728b)
Start importing Assets/Scenes/Rooms/BottomTop/BottomTopBlank.prefab using Guid(c34ce912df5ab054586938f28f493a4f) Importer(815301076,1909f56bfc062723c751e8b465ee728b)  -> (artifact id: 'd5944c9df9117da5d3cf9ec8be2f82db') in 0.097504 seconds
Number of updated asset objects reloaded before import = 0
Number of asset objects unloaded after import = 3879
========================================================================
Received Import Request.
  Time since last request: 0.897717 seconds.
  path: Assets/Scenes/Rooms/BottomTop/BottomTopBlank.prefab
  artifactKey: Guid(c34ce912df5ab054586938f28f493a4f) Importer(815301076,1909f56bfc062723c751e8b465ee728b)
Start importing Assets/Scenes/Rooms/BottomTop/BottomTopBlank.prefab using Guid(c34ce912df5ab054586938f28f493a4f) Importer(815301076,1909f56bfc062723c751e8b465ee728b)  -> (artifact id: '3e2962c2604e799581644b1c4f8d4f06') in 0.080459 seconds
Number of updated asset objects reloaded before import = 0
Number of asset objects unloaded after import = 3879
========================================================================
Received Import Request.
  Time since last request: 7.775921 seconds.
  path: Assets/Scenes/Rooms/BottomTop/BottomTopBlank.prefab
  artifactKey: Guid(c34ce912df5ab054586938f28f493a4f) Importer(815301076,1909f56bfc062723c751e8b465ee728b)
Start importing Assets/Scenes/Rooms/BottomTop/BottomTopBlank.prefab using Guid(c34ce912df5ab054586938f28f493a4f) Importer(815301076,1909f56bfc062723c751e8b465ee728b)  -> (artifact id: '8707c3714bfe9155e9e4372eb5be3da6') in 0.109250 seconds
Number of updated asset objects reloaded before import = 0
Number of asset objects unloaded after import = 3879
========================================================================
Received Import Request.
  Time since last request: 0.674721 seconds.
  path: Assets/Scenes/Rooms/BottomTop/BottomTopBlank.prefab
  artifactKey: Guid(c34ce912df5ab054586938f28f493a4f) Importer(815301076,1909f56bfc062723c751e8b465ee728b)
Start importing Assets/Scenes/Rooms/BottomTop/BottomTopBlank.prefab using Guid(c34ce912df5ab054586938f28f493a4f) Importer(815301076,1909f56bfc062723c751e8b465ee728b)  -> (artifact id: '4dbcdd3effcff0a83adeda79d1a33ad1') in 0.096985 seconds
Number of updated asset objects reloaded before import = 0
Number of asset objects unloaded after import = 3879
========================================================================
Received Import Request.
  Time since last request: 7.567690 seconds.
  path: Assets/Scenes/Rooms/BottomTop/BottomTopBlank.prefab
  artifactKey: Guid(c34ce912df5ab054586938f28f493a4f) Importer(815301076,1909f56bfc062723c751e8b465ee728b)
Start importing Assets/Scenes/Rooms/BottomTop/BottomTopBlank.prefab using Guid(c34ce912df5ab054586938f28f493a4f) Importer(815301076,1909f56bfc062723c751e8b465ee728b)  -> (artifact id: 'd0f47ea76e76d836e4dab3d86aedd56a') in 0.086943 seconds
Number of updated asset objects reloaded before import = 0
Number of asset objects unloaded after import = 3881
========================================================================
Received Import Request.
  Time since last request: 1.304991 seconds.
  path: Assets/Scenes/Rooms/BottomTop/BottomTopBlank.prefab
  artifactKey: Guid(c34ce912df5ab054586938f28f493a4f) Importer(815301076,1909f56bfc062723c751e8b465ee728b)
Start importing Assets/Scenes/Rooms/BottomTop/BottomTopBlank.prefab using Guid(c34ce912df5ab054586938f28f493a4f) Importer(815301076,1909f56bfc062723c751e8b465ee728b)  -> (artifact id: '4e5efb84b248e46f9fee30f820d42695') in 0.095691 seconds
Number of updated asset objects reloaded before import = 0
Number of asset objects unloaded after import = 3881
========================================================================
Received Import Request.
  Time since last request: 0.898564 seconds.
  path: Assets/Scenes/Rooms/BottomTop/BottomTopBlank.prefab
  artifactKey: Guid(c34ce912df5ab054586938f28f493a4f) Importer(815301076,1909f56bfc062723c751e8b465ee728b)
Start importing Assets/Scenes/Rooms/BottomTop/BottomTopBlank.prefab using Guid(c34ce912df5ab054586938f28f493a4f) Importer(815301076,1909f56bfc062723c751e8b465ee728b)  -> (artifact id: '4dd96ae4db66a1b89918627cc7844194') in 0.097761 seconds
Number of updated asset objects reloaded before import = 0
Number of asset objects unloaded after import = 3881
========================================================================
Received Import Request.
  Time since last request: 0.490593 seconds.
  path: Assets/Scenes/Rooms/BottomTop/BottomTopBlank.prefab
  artifactKey: Guid(c34ce912df5ab054586938f28f493a4f) Importer(815301076,1909f56bfc062723c751e8b465ee728b)
Start importing Assets/Scenes/Rooms/BottomTop/BottomTopBlank.prefab using Guid(c34ce912df5ab054586938f28f493a4f) Importer(815301076,1909f56bfc062723c751e8b465ee728b)  -> (artifact id: '563b3725e193d5e5c5f373e60ab24b00') in 0.095203 seconds
Number of updated asset objects reloaded before import = 0
Number of asset objects unloaded after import = 3881
========================================================================
Received Import Request.
  Time since last request: 1.102213 seconds.
  path: Assets/Scenes/Rooms/BottomTop/BottomTopBlank.prefab
  artifactKey: Guid(c34ce912df5ab054586938f28f493a4f) Importer(815301076,1909f56bfc062723c751e8b465ee728b)
Start importing Assets/Scenes/Rooms/BottomTop/BottomTopBlank.prefab using Guid(c34ce912df5ab054586938f28f493a4f) Importer(815301076,1909f56bfc062723c751e8b465ee728b)  -> (artifact id: '9ab9adeb9619063adeb995c4ec54e4a5') in 0.092913 seconds
Number of updated asset objects reloaded before import = 0
Number of asset objects unloaded after import = 3881
========================================================================
Received Import Request.
  Time since last request: 6.348600 seconds.
  path: Assets/Scenes/Rooms/BottomTop/BottomTopBlank.prefab
  artifactKey: Guid(c34ce912df5ab054586938f28f493a4f) Importer(815301076,1909f56bfc062723c751e8b465ee728b)
Start importing Assets/Scenes/Rooms/BottomTop/BottomTopBlank.prefab using Guid(c34ce912df5ab054586938f28f493a4f) Importer(815301076,1909f56bfc062723c751e8b465ee728b)  -> (artifact id: '06b6e98ab2b3e1366e13df71cffca867') in 0.117538 seconds
Number of updated asset objects reloaded before import = 0
Number of asset objects unloaded after import = 3881
========================================================================
Received Import Request.
  Time since last request: 5.101652 seconds.
  path: Assets/Scenes/Rooms/BottomTop/BottomTopBlank.prefab
  artifactKey: Guid(c34ce912df5ab054586938f28f493a4f) Importer(815301076,1909f56bfc062723c751e8b465ee728b)
Start importing Assets/Scenes/Rooms/BottomTop/BottomTopBlank.prefab using Guid(c34ce912df5ab054586938f28f493a4f) Importer(815301076,1909f56bfc062723c751e8b465ee728b)  -> (artifact id: '1f114689e64b14cc5ccb2beebcd16024') in 0.094897 seconds
Number of updated asset objects reloaded before import = 0
Number of asset objects unloaded after import = 3881
========================================================================
Received Import Request.
  Time since last request: 6.542754 seconds.
  path: Assets/Scenes/Rooms/BottomTop/BottomTopBlank.prefab
  artifactKey: Guid(c34ce912df5ab054586938f28f493a4f) Importer(815301076,1909f56bfc062723c751e8b465ee728b)
Start importing Assets/Scenes/Rooms/BottomTop/BottomTopBlank.prefab using Guid(c34ce912df5ab054586938f28f493a4f) Importer(815301076,1909f56bfc062723c751e8b465ee728b)  -> (artifact id: '3c72c177c9d3415144adf8d22e31fb6a') in 0.091273 seconds
Number of updated asset objects reloaded before import = 0
Number of asset objects unloaded after import = 3881
========================================================================
Received Import Request.
  Time since last request: 1.299665 seconds.
  path: Assets/Scenes/Rooms/BottomTop/BottomTopBlank.prefab
  artifactKey: Guid(c34ce912df5ab054586938f28f493a4f) Importer(815301076,1909f56bfc062723c751e8b465ee728b)
Start importing Assets/Scenes/Rooms/BottomTop/BottomTopBlank.prefab using Guid(c34ce912df5ab054586938f28f493a4f) Importer(815301076,1909f56bfc062723c751e8b465ee728b)  -> (artifact id: '25011252aaac33898d5cdba1379b9463') in 0.093460 seconds
Number of updated asset objects reloaded before import = 0
Number of asset objects unloaded after import = 3881
========================================================================
Received Import Request.
  Time since last request: 1.501200 seconds.
  path: Assets/Scenes/Rooms/BottomTop/BottomTopBlank.prefab
  artifactKey: Guid(c34ce912df5ab054586938f28f493a4f) Importer(815301076,1909f56bfc062723c751e8b465ee728b)
Start importing Assets/Scenes/Rooms/BottomTop/BottomTopBlank.prefab using Guid(c34ce912df5ab054586938f28f493a4f) Importer(815301076,1909f56bfc062723c751e8b465ee728b)  -> (artifact id: '2b058e494a5a7d59510425b9e143edd3') in 0.083671 seconds
Number of updated asset objects reloaded before import = 0
Number of asset objects unloaded after import = 3881
========================================================================
Received Import Request.
  Time since last request: 4.535263 seconds.
  path: Assets/Scenes/Rooms/BottomTop/BottomTopBlank.prefab
  artifactKey: Guid(c34ce912df5ab054586938f28f493a4f) Importer(815301076,1909f56bfc062723c751e8b465ee728b)
Start importing Assets/Scenes/Rooms/BottomTop/BottomTopBlank.prefab using Guid(c34ce912df5ab054586938f28f493a4f) Importer(815301076,1909f56bfc062723c751e8b465ee728b)  -> (artifact id: 'f4dc0d0afdc64fac67a824586a342ad0') in 0.104738 seconds
Number of updated asset objects reloaded before import = 0
Number of asset objects unloaded after import = 3878
========================================================================
Received Import Request.
  Time since last request: 1.090799 seconds.
  path: Assets/Scenes/Rooms/BottomTop/BottomTopBlank.prefab
  artifactKey: Guid(c34ce912df5ab054586938f28f493a4f) Importer(815301076,1909f56bfc062723c751e8b465ee728b)
Start importing Assets/Scenes/Rooms/BottomTop/BottomTopBlank.prefab using Guid(c34ce912df5ab054586938f28f493a4f) Importer(815301076,1909f56bfc062723c751e8b465ee728b)  -> (artifact id: 'da3d0cd897cbbfaf9ada771c7edb7190') in 0.083267 seconds
Number of updated asset objects reloaded before import = 0
Number of asset objects unloaded after import = 3876
========================================================================
Received Import Request.
  Time since last request: 4.530940 seconds.
  path: Assets/Scenes/Rooms/BottomTop/BottomTopBlank.prefab
  artifactKey: Guid(c34ce912df5ab054586938f28f493a4f) Importer(815301076,1909f56bfc062723c751e8b465ee728b)
Start importing Assets/Scenes/Rooms/BottomTop/BottomTopBlank.prefab using Guid(c34ce912df5ab054586938f28f493a4f) Importer(815301076,1909f56bfc062723c751e8b465ee728b)  -> (artifact id: '0296b3a7db3b9c4d85de2590e413978b') in 0.098631 seconds
Number of updated asset objects reloaded before import = 0
Number of asset objects unloaded after import = 3876
========================================================================
Received Import Request.
  Time since last request: 4.517929 seconds.
  path: Assets/Scenes/Rooms/BottomTop/BottomTopBlank.prefab
  artifactKey: Guid(c34ce912df5ab054586938f28f493a4f) Importer(815301076,1909f56bfc062723c751e8b465ee728b)
Start importing Assets/Scenes/Rooms/BottomTop/BottomTopBlank.prefab using Guid(c34ce912df5ab054586938f28f493a4f) Importer(815301076,1909f56bfc062723c751e8b465ee728b)  -> (artifact id: 'a1dfb10f737e8b743a91572006b7d1b8') in 0.110076 seconds
Number of updated asset objects reloaded before import = 0
Number of asset objects unloaded after import = 3876
========================================================================
Received Import Request.
  Time since last request: 8.329250 seconds.
  path: Assets/Scenes/Rooms/BottomTop/BottomTopBlank.prefab
  artifactKey: Guid(c34ce912df5ab054586938f28f493a4f) Importer(815301076,1909f56bfc062723c751e8b465ee728b)
Start importing Assets/Scenes/Rooms/BottomTop/BottomTopBlank.prefab using Guid(c34ce912df5ab054586938f28f493a4f) Importer(815301076,1909f56bfc062723c751e8b465ee728b)  -> (artifact id: '6e35e39e080305765348a832bdc5103a') in 0.089909 seconds
Number of updated asset objects reloaded before import = 0
Number of asset objects unloaded after import = 3876
========================================================================
Received Import Request.
  Time since last request: 2.103625 seconds.
  path: Assets/Scenes/Rooms/BottomTop/BottomTopBlank.prefab
  artifactKey: Guid(c34ce912df5ab054586938f28f493a4f) Importer(815301076,1909f56bfc062723c751e8b465ee728b)
Start importing Assets/Scenes/Rooms/BottomTop/BottomTopBlank.prefab using Guid(c34ce912df5ab054586938f28f493a4f) Importer(815301076,1909f56bfc062723c751e8b465ee728b)  -> (artifact id: '19eb696d7a00ef1ade68da324db5e440') in 0.094096 seconds
Number of updated asset objects reloaded before import = 0
Number of asset objects unloaded after import = 3875
========================================================================
Received Import Request.
  Time since last request: 3.317949 seconds.
  path: Assets/Scenes/Rooms/BottomTop/BottomTopBlank.prefab
  artifactKey: Guid(c34ce912df5ab054586938f28f493a4f) Importer(815301076,1909f56bfc062723c751e8b465ee728b)
Start importing Assets/Scenes/Rooms/BottomTop/BottomTopBlank.prefab using Guid(c34ce912df5ab054586938f28f493a4f) Importer(815301076,1909f56bfc062723c751e8b465ee728b)  -> (artifact id: '09e1adc53e0a1175d34ebcff95ee4336') in 0.094329 seconds
Number of updated asset objects reloaded before import = 0
Number of asset objects unloaded after import = 3874
========================================================================
Received Import Request.
  Time since last request: 14.967226 seconds.
  path: Assets/Scenes/Rooms/BottomTop/BottomTop2.prefab
  artifactKey: Guid(c34ce912df5ab054586938f28f493a4f) Importer(815301076,1909f56bfc062723c751e8b465ee728b)
Start importing Assets/Scenes/Rooms/BottomTop/BottomTop2.prefab using Guid(c34ce912df5ab054586938f28f493a4f) Importer(815301076,1909f56bfc062723c751e8b465ee728b)  -> (artifact id: 'd411c46099fd65d88ddf54f75450e445') in 0.085446 seconds
Number of updated asset objects reloaded before import = 0
Number of asset objects unloaded after import = 3874
========================================================================
Received Import Request.
  Time since last request: 10.014117 seconds.
  path: Assets/Scenes/Rooms/BottomTop/BottomTop2.prefab
  artifactKey: Guid(c34ce912df5ab054586938f28f493a4f) Importer(815301076,1909f56bfc062723c751e8b465ee728b)
Start importing Assets/Scenes/Rooms/BottomTop/BottomTop2.prefab using Guid(c34ce912df5ab054586938f28f493a4f) Importer(815301076,1909f56bfc062723c751e8b465ee728b)  -> (artifact id: '758528da531be72ac2674a215067719f') in 0.088953 seconds
Number of updated asset objects reloaded before import = 0
Number of asset objects unloaded after import = 3874
========================================================================
Received Import Request.
  Time since last request: 6.543216 seconds.
  path: Assets/Scenes/Rooms/BottomTop/BottomTop2.prefab
  artifactKey: Guid(c34ce912df5ab054586938f28f493a4f) Importer(815301076,1909f56bfc062723c751e8b465ee728b)
Start importing Assets/Scenes/Rooms/BottomTop/BottomTop2.prefab using Guid(c34ce912df5ab054586938f28f493a4f) Importer(815301076,1909f56bfc062723c751e8b465ee728b)  -> (artifact id: '1f4bf00ad0c74f72cbd578f9981bac44') in 0.091404 seconds
Number of updated asset objects reloaded before import = 0
Number of asset objects unloaded after import = 3873
========================================================================
Received Import Request.
  Time since last request: 5.671976 seconds.
  path: Assets/Scenes/Rooms/TopBottom/TopBottom2.prefab
  artifactKey: Guid(c323c4be1921e2943bcc6159153edadb) Importer(815301076,1909f56bfc062723c751e8b465ee728b)
Start importing Assets/Scenes/Rooms/TopBottom/TopBottom2.prefab using Guid(c323c4be1921e2943bcc6159153edadb) Importer(815301076,1909f56bfc062723c751e8b465ee728b)  -> (artifact id: '17b84e67c9383c3130400be39bf84f3e') in 0.105558 seconds
Number of updated asset objects reloaded before import = 0
Number of asset objects unloaded after import = 4034
========================================================================
Received Import Request.
  Time since last request: 2.147069 seconds.
  path: Assets/Scenes/Rooms/LeftTop/LeftTop1.prefab
  artifactKey: Guid(e7a2b595b76bd004786637046494b0ab) Importer(815301076,1909f56bfc062723c751e8b465ee728b)
Start importing Assets/Scenes/Rooms/LeftTop/LeftTop1.prefab using Guid(e7a2b595b76bd004786637046494b0ab) Importer(815301076,1909f56bfc062723c751e8b465ee728b)  -> (artifact id: '9c4d1ecb38b8e5ad1307d8c2e79492df') in 0.096641 seconds
Number of updated asset objects reloaded before import = 0
Number of asset objects unloaded after import = 3971
========================================================================
Received Import Request.
  Time since last request: 4.881753 seconds.
  path: Assets/Scenes/Rooms/LeftRight/LeftRight1.prefab
  artifactKey: Guid(1e597e6fda070e04087b2a93b93dad22) Importer(815301076,1909f56bfc062723c751e8b465ee728b)
Start importing Assets/Scenes/Rooms/LeftRight/LeftRight1.prefab using Guid(1e597e6fda070e04087b2a93b93dad22) Importer(815301076,1909f56bfc062723c751e8b465ee728b)  -> (artifact id: '7ae378c00adc4974b9a58f44758914e7') in 0.094571 seconds
Number of updated asset objects reloaded before import = 0
Number of asset objects unloaded after import = 3964
========================================================================
Received Import Request.
  Time since last request: 0.000023 seconds.
  path: Assets/Scenes/Rooms/LeftRight/LeftRightBlank.prefab
  artifactKey: Guid(d558af203b8f52640b9069354cc4ba91) Importer(815301076,1909f56bfc062723c751e8b465ee728b)
Start importing Assets/Scenes/Rooms/LeftRight/LeftRightBlank.prefab using Guid(d558af203b8f52640b9069354cc4ba91) Importer(815301076,1909f56bfc062723c751e8b465ee728b)  -> (artifact id: 'f517f8506964f1d384f350b2d29118b5') in 0.089246 seconds
Number of updated asset objects reloaded before import = 0
Number of asset objects unloaded after import = 3881
========================================================================
Received Import Request.
  Time since last request: 1.497722 seconds.
  path: Assets/Scenes/Rooms/LeftBottom/LeftBottom1.prefab
  artifactKey: Guid(52105792f6c8c4246bd59b849d6f5207) Importer(815301076,1909f56bfc062723c751e8b465ee728b)
Start importing Assets/Scenes/Rooms/LeftBottom/LeftBottom1.prefab using Guid(52105792f6c8c4246bd59b849d6f5207) Importer(815301076,1909f56bfc062723c751e8b465ee728b)  -> (artifact id: 'd482ebcd9031bc436ee6dd20b0c88482') in 0.097961 seconds
Number of updated asset objects reloaded before import = 0
Number of asset objects unloaded after import = 3932
========================================================================
Received Import Request.
  Time since last request: 5.463867 seconds.
  path: Assets/Scenes/Rooms/BottomRight/BottomRight1.prefab
  artifactKey: Guid(a49851339f590db4b99ff35ab00e1e29) Importer(815301076,1909f56bfc062723c751e8b465ee728b)
Start importing Assets/Scenes/Rooms/BottomRight/BottomRight1.prefab using Guid(a49851339f590db4b99ff35ab00e1e29) Importer(815301076,1909f56bfc062723c751e8b465ee728b)  -> (artifact id: '67c71be2d01508c8b5210dd76923949d') in 0.095918 seconds
Number of updated asset objects reloaded before import = 0
Number of asset objects unloaded after import = 3951
========================================================================
Received Import Request.
  Time since last request: 2.737973 seconds.
  path: Assets/Scenes/Rooms/TopRight/TopRight1.prefab
  artifactKey: Guid(3dd65252bf209f844be6aacc06e2da45) Importer(815301076,1909f56bfc062723c751e8b465ee728b)
Start importing Assets/Scenes/Rooms/TopRight/TopRight1.prefab using Guid(3dd65252bf209f844be6aacc06e2da45) Importer(815301076,1909f56bfc062723c751e8b465ee728b)  -> (artifact id: '7b4e7547943d964383abbe7ddae06748') in 0.095987 seconds
Number of updated asset objects reloaded before import = 0
Number of asset objects unloaded after import = 3953
========================================================================
Received Import Request.
  Time since last request: 10.886447 seconds.
  path: Assets/Scenes/Rooms/TopRight/TopRightBlank 1.prefab
  artifactKey: Guid(4cb81901b0f0a084ab0bef07ca849473) Importer(815301076,1909f56bfc062723c751e8b465ee728b)
Start importing Assets/Scenes/Rooms/TopRight/TopRightBlank 1.prefab using Guid(4cb81901b0f0a084ab0bef07ca849473) Importer(815301076,1909f56bfc062723c751e8b465ee728b)  -> (artifact id: '9e5493ca15bff7eb3be8282748b8c472') in 0.117458 seconds
Number of updated asset objects reloaded before import = 0
Number of asset objects unloaded after import = 3876
========================================================================
Received Import Request.
  Time since last request: 5.660198 seconds.
  path: Assets/Scenes/Rooms/TopRight/TopRight2.prefab
  artifactKey: Guid(4cb81901b0f0a084ab0bef07ca849473) Importer(815301076,1909f56bfc062723c751e8b465ee728b)
Start importing Assets/Scenes/Rooms/TopRight/TopRight2.prefab using Guid(4cb81901b0f0a084ab0bef07ca849473) Importer(815301076,1909f56bfc062723c751e8b465ee728b)  -> (artifact id: 'b9983073affe278fb4857dc3edf53bfd') in 0.107730 seconds
Number of updated asset objects reloaded before import = 0
Number of asset objects unloaded after import = 3876
========================================================================
Received Import Request.
  Time since last request: 15.933553 seconds.
  path: Assets/Scenes/Rooms/TopRight/TopRight2.prefab
  artifactKey: Guid(4cb81901b0f0a084ab0bef07ca849473) Importer(815301076,1909f56bfc062723c751e8b465ee728b)
Start importing Assets/Scenes/Rooms/TopRight/TopRight2.prefab using Guid(4cb81901b0f0a084ab0bef07ca849473) Importer(815301076,1909f56bfc062723c751e8b465ee728b)  -> (artifact id: '4baf8e9846d591bfcd68f59d9ad4991d') in 0.097697 seconds
Number of updated asset objects reloaded before import = 0
Number of asset objects unloaded after import = 3876
========================================================================
Received Import Request.
  Time since last request: 77.319385 seconds.
  path: Assets/Scenes/Rooms/TopRight/TopRight2.prefab
  artifactKey: Guid(4cb81901b0f0a084ab0bef07ca849473) Importer(815301076,1909f56bfc062723c751e8b465ee728b)
Start importing Assets/Scenes/Rooms/TopRight/TopRight2.prefab using Guid(4cb81901b0f0a084ab0bef07ca849473) Importer(815301076,1909f56bfc062723c751e8b465ee728b)  -> (artifact id: '73bcf5bd1e264221308711cc543b3bbd') in 0.103440 seconds
Number of updated asset objects reloaded before import = 0
Number of asset objects unloaded after import = 3876
========================================================================
Received Import Request.
  Time since last request: 0.683820 seconds.
  path: Assets/Scenes/Rooms/TopRight/TopRight2.prefab
  artifactKey: Guid(4cb81901b0f0a084ab0bef07ca849473) Importer(815301076,1909f56bfc062723c751e8b465ee728b)
Start importing Assets/Scenes/Rooms/TopRight/TopRight2.prefab using Guid(4cb81901b0f0a084ab0bef07ca849473) Importer(815301076,1909f56bfc062723c751e8b465ee728b)  -> (artifact id: '00e0e6b961e758ec39e5bdcee8700bfc') in 0.086651 seconds
Number of updated asset objects reloaded before import = 0
Number of asset objects unloaded after import = 3876
========================================================================
Received Import Request.
  Time since last request: 1.312059 seconds.
  path: Assets/Scenes/Rooms/TopRight/TopRight2.prefab
  artifactKey: Guid(4cb81901b0f0a084ab0bef07ca849473) Importer(815301076,1909f56bfc062723c751e8b465ee728b)
Start importing Assets/Scenes/Rooms/TopRight/TopRight2.prefab using Guid(4cb81901b0f0a084ab0bef07ca849473) Importer(815301076,1909f56bfc062723c751e8b465ee728b)  -> (artifact id: '5f8360cb35cca741a08e070d39114810') in 0.079657 seconds
Number of updated asset objects reloaded before import = 0
Number of asset objects unloaded after import = 3876
========================================================================
Received Import Request.
  Time since last request: 0.909862 seconds.
  path: Assets/Scenes/Rooms/TopRight/TopRight2.prefab
  artifactKey: Guid(4cb81901b0f0a084ab0bef07ca849473) Importer(815301076,1909f56bfc062723c751e8b465ee728b)
Start importing Assets/Scenes/Rooms/TopRight/TopRight2.prefab using Guid(4cb81901b0f0a084ab0bef07ca849473) Importer(815301076,1909f56bfc062723c751e8b465ee728b)  -> (artifact id: '532171cc1ec48d19b610d847f23fef15') in 0.085005 seconds
Number of updated asset objects reloaded before import = 0
Number of asset objects unloaded after import = 3876
========================================================================
Received Import Request.
  Time since last request: 0.504373 seconds.
  path: Assets/Scenes/Rooms/TopRight/TopRight2.prefab
  artifactKey: Guid(4cb81901b0f0a084ab0bef07ca849473) Importer(815301076,1909f56bfc062723c751e8b465ee728b)
Start importing Assets/Scenes/Rooms/TopRight/TopRight2.prefab using Guid(4cb81901b0f0a084ab0bef07ca849473) Importer(815301076,1909f56bfc062723c751e8b465ee728b)  -> (artifact id: '62944b090579f9514f1160ac2f5fb849') in 0.091258 seconds
Number of updated asset objects reloaded before import = 0
Number of asset objects unloaded after import = 3876
========================================================================
Received Import Request.
  Time since last request: 1.504061 seconds.
  path: Assets/Scenes/Rooms/TopRight/TopRight2.prefab
  artifactKey: Guid(4cb81901b0f0a084ab0bef07ca849473) Importer(815301076,1909f56bfc062723c751e8b465ee728b)
Start importing Assets/Scenes/Rooms/TopRight/TopRight2.prefab using Guid(4cb81901b0f0a084ab0bef07ca849473) Importer(815301076,1909f56bfc062723c751e8b465ee728b)  -> (artifact id: '023831fe933856bb07ffa8ba13f9aca4') in 0.097372 seconds
Number of updated asset objects reloaded before import = 0
Number of asset objects unloaded after import = 3876
========================================================================
Received Import Request.
  Time since last request: 0.499225 seconds.
  path: Assets/Scenes/Rooms/TopRight/TopRight2.prefab
  artifactKey: Guid(4cb81901b0f0a084ab0bef07ca849473) Importer(815301076,1909f56bfc062723c751e8b465ee728b)
Start importing Assets/Scenes/Rooms/TopRight/TopRight2.prefab using Guid(4cb81901b0f0a084ab0bef07ca849473) Importer(815301076,1909f56bfc062723c751e8b465ee728b)  -> (artifact id: '8e9471d046c6f7f87a8c78764d1a22dc') in 0.088713 seconds
Number of updated asset objects reloaded before import = 0
Number of asset objects unloaded after import = 3876
========================================================================
Received Import Request.
  Time since last request: 0.692313 seconds.
  path: Assets/Scenes/Rooms/TopRight/TopRight2.prefab
  artifactKey: Guid(4cb81901b0f0a084ab0bef07ca849473) Importer(815301076,1909f56bfc062723c751e8b465ee728b)
Start importing Assets/Scenes/Rooms/TopRight/TopRight2.prefab using Guid(4cb81901b0f0a084ab0bef07ca849473) Importer(815301076,1909f56bfc062723c751e8b465ee728b)  -> (artifact id: '3d984365a0adffdb9c9a46ddb76fb2d8') in 0.093780 seconds
Number of updated asset objects reloaded before import = 0
Number of asset objects unloaded after import = 3876
========================================================================
Received Import Request.
  Time since last request: 1.095001 seconds.
  path: Assets/Scenes/Rooms/TopRight/TopRight2.prefab
  artifactKey: Guid(4cb81901b0f0a084ab0bef07ca849473) Importer(815301076,1909f56bfc062723c751e8b465ee728b)
Start importing Assets/Scenes/Rooms/TopRight/TopRight2.prefab using Guid(4cb81901b0f0a084ab0bef07ca849473) Importer(815301076,1909f56bfc062723c751e8b465ee728b)  -> (artifact id: 'e028f09f0d3ed36c1dd1e5ae6618811c') in 0.093160 seconds
Number of updated asset objects reloaded before import = 0
Number of asset objects unloaded after import = 3876
========================================================================
Received Import Request.
  Time since last request: 25.870770 seconds.
  path: Assets/Scenes/Rooms/TopRight/TopRight2.prefab
  artifactKey: Guid(4cb81901b0f0a084ab0bef07ca849473) Importer(815301076,1909f56bfc062723c751e8b465ee728b)
Start importing Assets/Scenes/Rooms/TopRight/TopRight2.prefab using Guid(4cb81901b0f0a084ab0bef07ca849473) Importer(815301076,1909f56bfc062723c751e8b465ee728b)  -> (artifact id: 'b8e92758fb1b35a40c389ac81d1cc91d') in 0.090224 seconds
Number of updated asset objects reloaded before import = 0
Number of asset objects unloaded after import = 3876
========================================================================
Received Import Request.
  Time since last request: 0.698404 seconds.
  path: Assets/Scenes/Rooms/TopRight/TopRight2.prefab
  artifactKey: Guid(4cb81901b0f0a084ab0bef07ca849473) Importer(815301076,1909f56bfc062723c751e8b465ee728b)
Start importing Assets/Scenes/Rooms/TopRight/TopRight2.prefab using Guid(4cb81901b0f0a084ab0bef07ca849473) Importer(815301076,1909f56bfc062723c751e8b465ee728b)  -> (artifact id: 'd4cd17277e550bc22cd26f0fba416ec4') in 0.093002 seconds
Number of updated asset objects reloaded before import = 0
Number of asset objects unloaded after import = 3876
========================================================================
Received Import Request.
  Time since last request: 1.695261 seconds.
  path: Assets/Scenes/Rooms/TopRight/TopRight2.prefab
  artifactKey: Guid(4cb81901b0f0a084ab0bef07ca849473) Importer(815301076,1909f56bfc062723c751e8b465ee728b)
Start importing Assets/Scenes/Rooms/TopRight/TopRight2.prefab using Guid(4cb81901b0f0a084ab0bef07ca849473) Importer(815301076,1909f56bfc062723c751e8b465ee728b)  -> (artifact id: 'e11f3fca33006eb71addf097ed199b2b') in 0.096455 seconds
Number of updated asset objects reloaded before import = 0
Number of asset objects unloaded after import = 3876
========================================================================
Received Import Request.
  Time since last request: 0.292550 seconds.
  path: Assets/Scenes/Rooms/TopRight/TopRight2.prefab
  artifactKey: Guid(4cb81901b0f0a084ab0bef07ca849473) Importer(815301076,1909f56bfc062723c751e8b465ee728b)
Start importing Assets/Scenes/Rooms/TopRight/TopRight2.prefab using Guid(4cb81901b0f0a084ab0bef07ca849473) Importer(815301076,1909f56bfc062723c751e8b465ee728b)  -> (artifact id: 'c92706c9551a4c7b815dfe1ae960e5f4') in 0.093828 seconds
Number of updated asset objects reloaded before import = 0
Number of asset objects unloaded after import = 3876
========================================================================
Received Import Request.
  Time since last request: 14.397489 seconds.
  path: Assets/Scenes/Rooms/TopRight/TopRight2.prefab
  artifactKey: Guid(4cb81901b0f0a084ab0bef07ca849473) Importer(815301076,1909f56bfc062723c751e8b465ee728b)
Start importing Assets/Scenes/Rooms/TopRight/TopRight2.prefab using Guid(4cb81901b0f0a084ab0bef07ca849473) Importer(815301076,1909f56bfc062723c751e8b465ee728b)  -> (artifact id: '9a222373f678481f7ac425c0d647c26f') in 0.098506 seconds
Number of updated asset objects reloaded before import = 0
Number of asset objects unloaded after import = 3879
========================================================================
Received Import Request.
  Time since last request: 5.319045 seconds.
  path: Assets/Scenes/Rooms/TopRight/TopRight2.prefab
  artifactKey: Guid(4cb81901b0f0a084ab0bef07ca849473) Importer(815301076,1909f56bfc062723c751e8b465ee728b)
Start importing Assets/Scenes/Rooms/TopRight/TopRight2.prefab using Guid(4cb81901b0f0a084ab0bef07ca849473) Importer(815301076,1909f56bfc062723c751e8b465ee728b)  -> (artifact id: '9bfa80655308634126bbda650dd3fcef') in 0.093491 seconds
Number of updated asset objects reloaded before import = 0
Number of asset objects unloaded after import = 3881
========================================================================
Received Import Request.
  Time since last request: 84.677356 seconds.
  path: Assets/Scenes/Rooms/LeftBottom/LeftBottomBlank 1.prefab
  artifactKey: Guid(f157cf16dbc05aa48a7e1713c4e19e74) Importer(815301076,1909f56bfc062723c751e8b465ee728b)
Start importing Assets/Scenes/Rooms/LeftBottom/LeftBottomBlank 1.prefab using Guid(f157cf16dbc05aa48a7e1713c4e19e74) Importer(815301076,1909f56bfc062723c751e8b465ee728b)  -> (artifact id: '094de9fcfa8211cd442e679dde1538a6') in 0.099546 seconds
Number of updated asset objects reloaded before import = 0
Number of asset objects unloaded after import = 3878
========================================================================
Received Import Request.
  Time since last request: 73.763714 seconds.
  path: Assets/Scenes/Rooms/LeftBottom/LeftBottom2.prefab
  artifactKey: Guid(f157cf16dbc05aa48a7e1713c4e19e74) Importer(815301076,1909f56bfc062723c751e8b465ee728b)
Start importing Assets/Scenes/Rooms/LeftBottom/LeftBottom2.prefab using Guid(f157cf16dbc05aa48a7e1713c4e19e74) Importer(815301076,1909f56bfc062723c751e8b465ee728b)  -> (artifact id: 'f70ed6aca09db543a1a2517dc8ed5be6') in 0.097932 seconds
Number of updated asset objects reloaded before import = 0
Number of asset objects unloaded after import = 3878
========================================================================
Received Import Request.
  Time since last request: 219.473231 seconds.
  path: Assets/Scenes/Rooms/LeftBottom/LeftBottomBlank.prefab
  artifactKey: Guid(2b103f7ee5a6b8a4da81bf27d5a02600) Importer(815301076,1909f56bfc062723c751e8b465ee728b)
Start importing Assets/Scenes/Rooms/LeftBottom/LeftBottomBlank.prefab using Guid(2b103f7ee5a6b8a4da81bf27d5a02600) Importer(815301076,1909f56bfc062723c751e8b465ee728b)  -> (artifact id: 'aa73fe4febb147d36122203e93ba6b09') in 0.087516 seconds
Number of updated asset objects reloaded before import = 0
Number of asset objects unloaded after import = 3900
========================================================================
Received Import Request.
  Time since last request: 21.363996 seconds.
  path: Assets/Scenes/Rooms/LeftBottom/LeftBottomBlank.prefab
  artifactKey: Guid(2b103f7ee5a6b8a4da81bf27d5a02600) Importer(815301076,1909f56bfc062723c751e8b465ee728b)
Start importing Assets/Scenes/Rooms/LeftBottom/LeftBottomBlank.prefab using Guid(2b103f7ee5a6b8a4da81bf27d5a02600) Importer(815301076,1909f56bfc062723c751e8b465ee728b)  -> (artifact id: '83f442a6b018175b9cb37b41b0be8c66') in 0.090719 seconds
Number of updated asset objects reloaded before import = 0
Number of asset objects unloaded after import = 3900
========================================================================
Received Import Request.
  Time since last request: 37.611637 seconds.
  path: Assets/Scenes/Rooms/TopRight/TopRight2.prefab
  artifactKey: Guid(4cb81901b0f0a084ab0bef07ca849473) Importer(815301076,1909f56bfc062723c751e8b465ee728b)
Start importing Assets/Scenes/Rooms/TopRight/TopRight2.prefab using Guid(4cb81901b0f0a084ab0bef07ca849473) Importer(815301076,1909f56bfc062723c751e8b465ee728b)  -> (artifact id: 'ea8a3d1696700afbc9b28c1831ad0ac0') in 0.097550 seconds
Number of updated asset objects reloaded before import = 0
Number of asset objects unloaded after import = 3947
========================================================================
Received Prepare
Begin MonoManager ReloadAssembly
- Loaded All Assemblies, in  0.357 seconds
Refreshing native plugins compatible for Editor in 3.84 ms, found 4 plugins.
Native extension for WindowsStandalone target not found
Native extension for WebGL target not found
Mono: successfully reloaded assembly
- Finished resetting the current domain, in  0.968 seconds
Domain Reload Profiling: 1323ms
	BeginReloadAssembly (123ms)
		ExecutionOrderSort (0ms)
		DisableScriptedObjects (9ms)
		BackupInstance (0ms)
		ReleaseScriptingObjects (0ms)
		CreateAndSetChildDomain (34ms)
	RebuildCommonClasses (19ms)
	RebuildNativeTypeToScriptingClass (7ms)
	initialDomainReloadingComplete (20ms)
	LoadAllAssembliesAndSetupDomain (185ms)
		LoadAssemblies (226ms)
		RebuildTransferFunctionScriptingTraits (0ms)
		AnalyzeDomain (13ms)
			TypeCache.Refresh (5ms)
				TypeCache.ScanAssembly (0ms)
			ScanForSourceGeneratedMonoScriptInfo (0ms)
			ResolveRequiredComponents (7ms)
	FinalizeReload (969ms)
		ReleaseScriptCaches (0ms)
		RebuildScriptCaches (0ms)
		SetupLoadedEditorAssemblies (358ms)
			LogAssemblyErrors (0ms)
			InitializePlatformSupportModulesInManaged (5ms)
			SetLoadedEditorAssemblies (4ms)
			RefreshPlugins (0ms)
			BeforeProcessingInitializeOnLoad (60ms)
			ProcessInitializeOnLoadAttributes (243ms)
			ProcessInitializeOnLoadMethodAttributes (41ms)
			AfterProcessingInitializeOnLoad (5ms)
			EditorAssembliesLoaded (1ms)
		ExecutionOrderSort2 (0ms)
		AwakeInstancesAfterBackupRestoration (10ms)
Refreshing native plugins compatible for Editor in 3.61 ms, found 4 plugins.
Preloading 0 native plugins for Editor in 0.00 ms.
Unloading 5962 Unused Serialized files (Serialized files now loaded: 0)
Unloading 59 unused Assets / (506.7 KB). Loaded Objects now: 6676.
Memory consumption went from 216.7 MB to 216.3 MB.
Total: 2.442100 ms (FindLiveObjects: 0.300900 ms CreateObjectMapping: 0.109900 ms MarkObjects: 1.826600 ms  DeleteObjects: 0.204100 ms)

Prepare: number of updated asset objects reloaded= 0
AssetImportParameters requested are different than current active one (requested -> active):
  custom:container-demuxer-ogg: 62fdf1f143b41e24485cea50d1cbac27 -> 
  custom:video-codec-MediaFoundation-h265: 746d11721c4dcdbdad8f713fa42b33f4 -> 
  custom:video-decoder-ogg-theora: a1e56fd34408186e4bbccfd4996cb3dc -> 
  custom:framework-win-MediaFoundation: 216162199b28c13a410421893ffa2e32 -> 
  custom:CustomObjectIndexerAttribute: 72b91833f83ae208fae7752999fa3104 -> 
  custom:container-demuxer-webm: 4f35f7cbe854078d1ac9338744f61a02 -> 
  custom:container-muxer-webm: aa71ff27fc2769a1b78a27578f13a17b -> 
  custom:video-decoder-webm-vp8: 9c59270c3fd7afecdb556c50c9e8de78 -> 
  custom:SearchIndexIgnoredProperties: e643bd26f0fe6173181afceb89e7c659 -> 
  custom:AudioImporter_EditorPlatform: d09bf68614088b80899f8185d706f6e7 -> 
  custom:video-encoder-webm-vp8: eb34c28f22e8b96e1ab97ce403110664 -> 
  custom:audio-decoder-ogg-vorbis: bf7c407c2cedff20999df2af8eb42d56 -> 
  custom:audio-encoder-webm-vorbis: bf7c407c2cedff20999df2af8eb42d56 -> 
========================================================================
Received Import Request.
  Time since last request: 55.562172 seconds.
  path: Assets/Scenes/MainGame.unity
  artifactKey: Guid(7deaa21fb48227847bc82b02168a5c7e) Importer(815301076,1909f56bfc062723c751e8b465ee728b)
Start importing Assets/Scenes/MainGame.unity using Guid(7deaa21fb48227847bc82b02168a5c7e) Importer(815301076,1909f56bfc062723c751e8b465ee728b)  -> (artifact id: 'e6242f77248a9fa71b31655f34c7bf45') in 0.005456 seconds
Number of updated asset objects reloaded before import = 0
Number of asset objects unloaded after import = 0
========================================================================
Received Prepare
Begin MonoManager ReloadAssembly
- Loaded All Assemblies, in  0.324 seconds
Refreshing native plugins compatible for Editor in 4.13 ms, found 4 plugins.
Native extension for WindowsStandalone target not found
Native extension for WebGL target not found
Mono: successfully reloaded assembly
- Finished resetting the current domain, in  1.011 seconds
Domain Reload Profiling: 1333ms
	BeginReloadAssembly (108ms)
		ExecutionOrderSort (0ms)
		DisableScriptedObjects (6ms)
		BackupInstance (0ms)
		ReleaseScriptingObjects (0ms)
		CreateAndSetChildDomain (26ms)
	RebuildCommonClasses (18ms)
	RebuildNativeTypeToScriptingClass (6ms)
	initialDomainReloadingComplete (19ms)
	LoadAllAssembliesAndSetupDomain (171ms)
		LoadAssemblies (208ms)
		RebuildTransferFunctionScriptingTraits (0ms)
		AnalyzeDomain (14ms)
			TypeCache.Refresh (5ms)
				TypeCache.ScanAssembly (0ms)
			ScanForSourceGeneratedMonoScriptInfo (0ms)
			ResolveRequiredComponents (7ms)
	FinalizeReload (1011ms)
		ReleaseScriptCaches (0ms)
		RebuildScriptCaches (0ms)
		SetupLoadedEditorAssemblies (414ms)
			LogAssemblyErrors (0ms)
			InitializePlatformSupportModulesInManaged (5ms)
			SetLoadedEditorAssemblies (4ms)
			RefreshPlugins (0ms)
			BeforeProcessingInitializeOnLoad (61ms)
			ProcessInitializeOnLoadAttributes (288ms)
			ProcessInitializeOnLoadMethodAttributes (50ms)
			AfterProcessingInitializeOnLoad (5ms)
			EditorAssembliesLoaded (0ms)
		ExecutionOrderSort2 (0ms)
		AwakeInstancesAfterBackupRestoration (12ms)
Refreshing native plugins compatible for Editor in 3.78 ms, found 4 plugins.
Preloading 0 native plugins for Editor in 0.00 ms.
Unloading 5962 Unused Serialized files (Serialized files now loaded: 0)
Unloading 57 unused Assets / (505.2 KB). Loaded Objects now: 6681.
Memory consumption went from 216.6 MB to 216.1 MB.
Total: 3.299600 ms (FindLiveObjects: 0.261400 ms CreateObjectMapping: 0.102700 ms MarkObjects: 2.742600 ms  DeleteObjects: 0.192000 ms)

Prepare: number of updated asset objects reloaded= 0
AssetImportParameters requested are different than current active one (requested -> active):
  custom:container-demuxer-ogg: 62fdf1f143b41e24485cea50d1cbac27 -> 
  custom:video-codec-MediaFoundation-h265: 746d11721c4dcdbdad8f713fa42b33f4 -> 
  custom:video-decoder-ogg-theora: a1e56fd34408186e4bbccfd4996cb3dc -> 
  custom:framework-win-MediaFoundation: 216162199b28c13a410421893ffa2e32 -> 
  custom:CustomObjectIndexerAttribute: 72b91833f83ae208fae7752999fa3104 -> 
  custom:container-demuxer-webm: 4f35f7cbe854078d1ac9338744f61a02 -> 
  custom:container-muxer-webm: aa71ff27fc2769a1b78a27578f13a17b -> 
  custom:video-decoder-webm-vp8: 9c59270c3fd7afecdb556c50c9e8de78 -> 
  custom:SearchIndexIgnoredProperties: e643bd26f0fe6173181afceb89e7c659 -> 
  custom:AudioImporter_EditorPlatform: d09bf68614088b80899f8185d706f6e7 -> 
  custom:video-encoder-webm-vp8: eb34c28f22e8b96e1ab97ce403110664 -> 
  custom:audio-decoder-ogg-vorbis: bf7c407c2cedff20999df2af8eb42d56 -> 
  custom:audio-encoder-webm-vorbis: bf7c407c2cedff20999df2af8eb42d56 -> 
========================================================================
Received Prepare
Begin MonoManager ReloadAssembly
- Loaded All Assemblies, in  0.329 seconds
Refreshing native plugins compatible for Editor in 4.47 ms, found 4 plugins.
Native extension for WindowsStandalone target not found
Native extension for WebGL target not found
Mono: successfully reloaded assembly
- Finished resetting the current domain, in  0.991 seconds
Domain Reload Profiling: 1318ms
	BeginReloadAssembly (111ms)
		ExecutionOrderSort (0ms)
		DisableScriptedObjects (7ms)
		BackupInstance (0ms)
		ReleaseScriptingObjects (0ms)
		CreateAndSetChildDomain (25ms)
	RebuildCommonClasses (19ms)
	RebuildNativeTypeToScriptingClass (7ms)
	initialDomainReloadingComplete (19ms)
	LoadAllAssembliesAndSetupDomain (171ms)
		LoadAssemblies (211ms)
		RebuildTransferFunctionScriptingTraits (0ms)
		AnalyzeDomain (14ms)
			TypeCache.Refresh (6ms)
				TypeCache.ScanAssembly (0ms)
			ScanForSourceGeneratedMonoScriptInfo (0ms)
			ResolveRequiredComponents (7ms)
	FinalizeReload (991ms)
		ReleaseScriptCaches (0ms)
		RebuildScriptCaches (0ms)
		SetupLoadedEditorAssemblies (399ms)
			LogAssemblyErrors (0ms)
			InitializePlatformSupportModulesInManaged (5ms)
			SetLoadedEditorAssemblies (4ms)
			RefreshPlugins (0ms)
			BeforeProcessingInitializeOnLoad (62ms)
			ProcessInitializeOnLoadAttributes (275ms)
			ProcessInitializeOnLoadMethodAttributes (47ms)
			AfterProcessingInitializeOnLoad (5ms)
			EditorAssembliesLoaded (0ms)
		ExecutionOrderSort2 (0ms)
		AwakeInstancesAfterBackupRestoration (14ms)
Refreshing native plugins compatible for Editor in 3.95 ms, found 4 plugins.
Preloading 0 native plugins for Editor in 0.00 ms.
Unloading 5962 Unused Serialized files (Serialized files now loaded: 0)
Unloading 57 unused Assets / (505.3 KB). Loaded Objects now: 6686.
Memory consumption went from 216.6 MB to 216.1 MB.
Total: 3.163300 ms (FindLiveObjects: 0.287300 ms CreateObjectMapping: 0.131600 ms MarkObjects: 2.557900 ms  DeleteObjects: 0.185700 ms)

Prepare: number of updated asset objects reloaded= 0
AssetImportParameters requested are different than current active one (requested -> active):
  custom:container-demuxer-ogg: 62fdf1f143b41e24485cea50d1cbac27 -> 
  custom:video-codec-MediaFoundation-h265: 746d11721c4dcdbdad8f713fa42b33f4 -> 
  custom:video-decoder-ogg-theora: a1e56fd34408186e4bbccfd4996cb3dc -> 
  custom:framework-win-MediaFoundation: 216162199b28c13a410421893ffa2e32 -> 
  custom:CustomObjectIndexerAttribute: 72b91833f83ae208fae7752999fa3104 -> 
  custom:container-demuxer-webm: 4f35f7cbe854078d1ac9338744f61a02 -> 
  custom:container-muxer-webm: aa71ff27fc2769a1b78a27578f13a17b -> 
  custom:video-decoder-webm-vp8: 9c59270c3fd7afecdb556c50c9e8de78 -> 
  custom:SearchIndexIgnoredProperties: e643bd26f0fe6173181afceb89e7c659 -> 
  custom:AudioImporter_EditorPlatform: d09bf68614088b80899f8185d706f6e7 -> 
  custom:video-encoder-webm-vp8: eb34c28f22e8b96e1ab97ce403110664 -> 
  custom:audio-decoder-ogg-vorbis: bf7c407c2cedff20999df2af8eb42d56 -> 
  custom:audio-encoder-webm-vorbis: bf7c407c2cedff20999df2af8eb42d56 -> 
